app/build/intermediates/manifest_merge_blame_file/debug/processDebugMainManifest/manifest-merger-blame-debug-report.txt
1<?xml version="1.0" encoding="utf-8"?>
2<manifest xmlns:android="http://schemas.android.com/apk/res/android"
3    package="com.example.myapplication1"
4    android:versionCode="1"
5    android:versionName="1.0" >
6
7    <uses-sdk
7-->INJECTED
8        android:minSdkVersion="24"
8-->INJECTED
9        android:targetSdkVersion="35" />
9-->INJECTED
10
11    <uses-permission android:name="android.permission.RECORD_AUDIO" />
11-->src\main\AndroidManifest.xml:5:5-71
11-->src\main\AndroidManifest.xml:5:22-68
12    <uses-permission android:name="android.permission.ACCESS_FINE_LOCATION" />
12-->src\main\AndroidManifest.xml:6:5-79
12-->src\main\AndroidManifest.xml:6:22-76
13    <uses-permission android:name="android.permission.ACCESS_COARSE_LOCATION" />
13-->src\main\AndroidManifest.xml:7:5-81
13-->src\main\AndroidManifest.xml:7:22-78
14    <uses-permission android:name="android.permission.INTERNET" />
14-->src\main\AndroidManifest.xml:8:5-67
14-->src\main\AndroidManifest.xml:8:22-64
15
16    <!-- Although the *SdkVersion is captured in gradle build files, this is required for non gradle builds -->
17    <!-- <uses-sdk android:minSdkVersion="21"/> -->
18    <uses-permission android:name="android.permission.ACCESS_NETWORK_STATE" />
18-->[com.google.firebase:firebase-database:22.0.1] AndroidManifest.xml:22:5-79
18-->[com.google.firebase:firebase-database:22.0.1] AndroidManifest.xml:22:22-76
19    <uses-permission android:name="android.permission.WAKE_LOCK" />
19-->[com.google.android.gms:play-services-measurement:23.2.0] AndroidManifest.xml:25:5-68
19-->[com.google.android.gms:play-services-measurement:23.2.0] AndroidManifest.xml:25:22-65
20    <uses-permission android:name="com.google.android.finsky.permission.BIND_GET_INSTALL_REFERRER_SERVICE" />
20-->[com.google.android.gms:play-services-measurement:23.2.0] AndroidManifest.xml:26:5-110
20-->[com.google.android.gms:play-services-measurement:23.2.0] AndroidManifest.xml:26:22-107
21    <uses-permission android:name="com.google.android.gms.permission.AD_ID" />
21-->[com.google.android.gms:play-services-measurement-impl:23.2.0] AndroidManifest.xml:27:5-79
21-->[com.google.android.gms:play-services-measurement-impl:23.2.0] AndroidManifest.xml:27:22-76
22    <uses-permission android:name="android.permission.ACCESS_ADSERVICES_ATTRIBUTION" />
22-->[com.google.android.gms:play-services-measurement-api:23.2.0] AndroidManifest.xml:26:5-88
22-->[com.google.android.gms:play-services-measurement-api:23.2.0] AndroidManifest.xml:26:22-85
23    <uses-permission android:name="android.permission.ACCESS_ADSERVICES_AD_ID" />
23-->[com.google.android.gms:play-services-measurement-api:23.2.0] AndroidManifest.xml:27:5-82
23-->[com.google.android.gms:play-services-measurement-api:23.2.0] AndroidManifest.xml:27:22-79
24
25    <permission
25-->[androidx.core:core:1.19.0] AndroidManifest.xml:22:5-24:47
26        android:name="com.example.myapplication1.DYNAMIC_RECEIVER_NOT_EXPORTED_PERMISSION"
26-->[androidx.core:core:1.19.0] AndroidManifest.xml:23:9-81
27        android:protectionLevel="signature" />
27-->[androidx.core:core:1.19.0] AndroidManifest.xml:24:9-44
28
29    <uses-permission android:name="com.example.myapplication1.DYNAMIC_RECEIVER_NOT_EXPORTED_PERMISSION" />
29-->[androidx.core:core:1.19.0] AndroidManifest.xml:26:5-97
29-->[androidx.core:core:1.19.0] AndroidManifest.xml:26:22-94
30
31    <application
31-->src\main\AndroidManifest.xml:10:5-30:19
32        android:allowBackup="true"
32-->src\main\AndroidManifest.xml:11:9-35
33        android:appComponentFactory="androidx.core.app.CoreComponentFactory"
33-->[androidx.core:core:1.19.0] AndroidManifest.xml:28:18-86
34        android:dataExtractionRules="@xml/data_extraction_rules"
34-->src\main\AndroidManifest.xml:12:9-65
35        android:debuggable="true"
36        android:extractNativeLibs="false"
36-->INJECTED
37        android:fullBackupContent="@xml/backup_rules"
37-->src\main\AndroidManifest.xml:13:9-54
38        android:icon="@drawable/ic_launcher_foreground"
38-->src\main\AndroidManifest.xml:14:9-56
39        android:label="@string/app_name"
39-->src\main\AndroidManifest.xml:15:9-41
40        android:roundIcon="@mipmap/ic_launcher_round"
40-->src\main\AndroidManifest.xml:16:9-54
41        android:supportsRtl="true"
41-->src\main\AndroidManifest.xml:17:9-35
42        android:testOnly="true"
43        android:theme="@style/Theme.MyApplication1" >
43-->src\main\AndroidManifest.xml:18:9-52
44        <activity
44-->src\main\AndroidManifest.xml:19:9-29:20
45            android:name="com.example.myapplication1.MainActivity"
45-->src\main\AndroidManifest.xml:20:13-41
46            android:exported="true"
46-->src\main\AndroidManifest.xml:21:13-36
47            android:label="water"
47-->src\main\AndroidManifest.xml:22:13-34
48            android:theme="@style/Theme.MyApplication1" >
48-->src\main\AndroidManifest.xml:23:13-56
49            <intent-filter>
49-->src\main\AndroidManifest.xml:24:13-28:29
50                <action android:name="android.intent.action.MAIN" />
50-->src\main\AndroidManifest.xml:25:17-69
50-->src\main\AndroidManifest.xml:25:25-66
51
52                <category android:name="android.intent.category.LAUNCHER" />
52-->src\main\AndroidManifest.xml:27:17-77
52-->src\main\AndroidManifest.xml:27:27-74
53            </intent-filter>
54        </activity>
55
56        <service
56-->[com.google.firebase:firebase-database:22.0.1] AndroidManifest.xml:26:9-35:19
57            android:name="com.google.firebase.components.ComponentDiscoveryService"
57-->[com.google.firebase:firebase-database:22.0.1] AndroidManifest.xml:27:13-84
58            android:directBootAware="true"
58-->[com.google.firebase:firebase-common:22.0.1] AndroidManifest.xml:32:13-43
59            android:exported="false" >
59-->[com.google.firebase:firebase-database:22.0.1] AndroidManifest.xml:28:13-37
60            <meta-data
60-->[com.google.firebase:firebase-database:22.0.1] AndroidManifest.xml:29:13-31:85
61                android:name="com.google.firebase.components:com.google.firebase.database.FirebaseDatabaseKtxRegistrar"
61-->[com.google.firebase:firebase-database:22.0.1] AndroidManifest.xml:30:17-120
62                android:value="com.google.firebase.components.ComponentRegistrar" />
62-->[com.google.firebase:firebase-database:22.0.1] AndroidManifest.xml:31:17-82
63            <meta-data
63-->[com.google.firebase:firebase-database:22.0.1] AndroidManifest.xml:32:13-34:85
64                android:name="com.google.firebase.components:com.google.firebase.database.DatabaseRegistrar"
64-->[com.google.firebase:firebase-database:22.0.1] AndroidManifest.xml:33:17-109
65                android:value="com.google.firebase.components.ComponentRegistrar" />
65-->[com.google.firebase:firebase-database:22.0.1] AndroidManifest.xml:34:17-82
66            <meta-data
66-->[com.google.android.gms:play-services-measurement-api:23.2.0] AndroidManifest.xml:33:13-35:85
67                android:name="com.google.firebase.components:com.google.firebase.analytics.connector.internal.AnalyticsConnectorRegistrar"
67-->[com.google.android.gms:play-services-measurement-api:23.2.0] AndroidManifest.xml:34:17-139
68                android:value="com.google.firebase.components.ComponentRegistrar" />
68-->[com.google.android.gms:play-services-measurement-api:23.2.0] AndroidManifest.xml:35:17-82
69            <meta-data
69-->[com.google.firebase:firebase-installations:19.1.0] AndroidManifest.xml:15:13-17:85
70                android:name="com.google.firebase.components:com.google.firebase.installations.FirebaseInstallationsKtxRegistrar"
70-->[com.google.firebase:firebase-installations:19.1.0] AndroidManifest.xml:16:17-130
71                android:value="com.google.firebase.components.ComponentRegistrar" />
71-->[com.google.firebase:firebase-installations:19.1.0] AndroidManifest.xml:17:17-82
72            <meta-data
72-->[com.google.firebase:firebase-installations:19.1.0] AndroidManifest.xml:18:13-20:85
73                android:name="com.google.firebase.components:com.google.firebase.installations.FirebaseInstallationsRegistrar"
73-->[com.google.firebase:firebase-installations:19.1.0] AndroidManifest.xml:19:17-127
74                android:value="com.google.firebase.components.ComponentRegistrar" />
74-->[com.google.firebase:firebase-installations:19.1.0] AndroidManifest.xml:20:17-82
75            <meta-data
75-->[com.google.firebase:firebase-common:22.0.1] AndroidManifest.xml:35:13-37:85
76                android:name="com.google.firebase.components:com.google.firebase.FirebaseCommonKtxRegistrar"
76-->[com.google.firebase:firebase-common:22.0.1] AndroidManifest.xml:36:17-109
77                android:value="com.google.firebase.components.ComponentRegistrar" />
77-->[com.google.firebase:firebase-common:22.0.1] AndroidManifest.xml:37:17-82
78        </service>
79
80        <receiver
80-->[com.google.android.gms:play-services-measurement:23.2.0] AndroidManifest.xml:29:9-33:20
81            android:name="com.google.android.gms.measurement.AppMeasurementReceiver"
81-->[com.google.android.gms:play-services-measurement:23.2.0] AndroidManifest.xml:30:13-85
82            android:enabled="true"
82-->[com.google.android.gms:play-services-measurement:23.2.0] AndroidManifest.xml:31:13-35
83            android:exported="false" >
83-->[com.google.android.gms:play-services-measurement:23.2.0] AndroidManifest.xml:32:13-37
84        </receiver>
85
86        <service
86-->[com.google.android.gms:play-services-measurement:23.2.0] AndroidManifest.xml:35:9-38:40
87            android:name="com.google.android.gms.measurement.AppMeasurementService"
87-->[com.google.android.gms:play-services-measurement:23.2.0] AndroidManifest.xml:36:13-84
88            android:enabled="true"
88-->[com.google.android.gms:play-services-measurement:23.2.0] AndroidManifest.xml:37:13-35
89            android:exported="false" />
89-->[com.google.android.gms:play-services-measurement:23.2.0] AndroidManifest.xml:38:13-37
90        <service
90-->[com.google.android.gms:play-services-measurement:23.2.0] AndroidManifest.xml:39:9-43:72
91            android:name="com.google.android.gms.measurement.AppMeasurementJobService"
91-->[com.google.android.gms:play-services-measurement:23.2.0] AndroidManifest.xml:40:13-87
92            android:enabled="true"
92-->[com.google.android.gms:play-services-measurement:23.2.0] AndroidManifest.xml:41:13-35
93            android:exported="false"
93-->[com.google.android.gms:play-services-measurement:23.2.0] AndroidManifest.xml:42:13-37
94            android:permission="android.permission.BIND_JOB_SERVICE" />
94-->[com.google.android.gms:play-services-measurement:23.2.0] AndroidManifest.xml:43:13-69
95
96        <activity
96-->[com.google.android.gms:play-services-base:18.5.0] AndroidManifest.xml:5:9-173
97            android:name="com.google.android.gms.common.api.GoogleApiActivity"
97-->[com.google.android.gms:play-services-base:18.5.0] AndroidManifest.xml:5:19-85
98            android:exported="false"
98-->[com.google.android.gms:play-services-base:18.5.0] AndroidManifest.xml:5:146-170
99            android:theme="@android:style/Theme.Translucent.NoTitleBar" />
99-->[com.google.android.gms:play-services-base:18.5.0] AndroidManifest.xml:5:86-145
100
101        <provider
101-->[com.google.firebase:firebase-common:22.0.1] AndroidManifest.xml:23:9-28:39
102            android:name="com.google.firebase.provider.FirebaseInitProvider"
102-->[com.google.firebase:firebase-common:22.0.1] AndroidManifest.xml:24:13-77
103            android:authorities="com.example.myapplication1.firebaseinitprovider"
103-->[com.google.firebase:firebase-common:22.0.1] AndroidManifest.xml:25:13-72
104            android:directBootAware="true"
104-->[com.google.firebase:firebase-common:22.0.1] AndroidManifest.xml:26:13-43
105            android:exported="false"
105-->[com.google.firebase:firebase-common:22.0.1] AndroidManifest.xml:27:13-37
106            android:initOrder="100" />
106-->[com.google.firebase:firebase-common:22.0.1] AndroidManifest.xml:28:13-36
107
108        <service
108-->[androidx.room:room-runtime-android:2.8.4] AndroidManifest.xml:24:9-28:63
109            android:name="androidx.room.MultiInstanceInvalidationService"
109-->[androidx.room:room-runtime-android:2.8.4] AndroidManifest.xml:25:13-74
110            android:directBootAware="true"
110-->[androidx.room:room-runtime-android:2.8.4] AndroidManifest.xml:26:13-43
111            android:exported="false" />
111-->[androidx.room:room-runtime-android:2.8.4] AndroidManifest.xml:27:13-37
112
113        <provider
113-->[androidx.emoji2:emoji2:1.4.0] AndroidManifest.xml:24:9-32:20
114            android:name="androidx.startup.InitializationProvider"
114-->[androidx.emoji2:emoji2:1.4.0] AndroidManifest.xml:25:13-67
115            android:authorities="com.example.myapplication1.androidx-startup"
115-->[androidx.emoji2:emoji2:1.4.0] AndroidManifest.xml:26:13-68
116            android:exported="false" >
116-->[androidx.emoji2:emoji2:1.4.0] AndroidManifest.xml:27:13-37
117            <meta-data
117-->[androidx.emoji2:emoji2:1.4.0] AndroidManifest.xml:29:13-31:52
118                android:name="androidx.emoji2.text.EmojiCompatInitializer"
118-->[androidx.emoji2:emoji2:1.4.0] AndroidManifest.xml:30:17-75
119                android:value="androidx.startup" />
119-->[androidx.emoji2:emoji2:1.4.0] AndroidManifest.xml:31:17-49
120            <meta-data
120-->[androidx.lifecycle:lifecycle-process:2.10.0] AndroidManifest.xml:29:13-31:52
121                android:name="androidx.lifecycle.ProcessLifecycleInitializer"
121-->[androidx.lifecycle:lifecycle-process:2.10.0] AndroidManifest.xml:30:17-78
122                android:value="androidx.startup" />
122-->[androidx.lifecycle:lifecycle-process:2.10.0] AndroidManifest.xml:31:17-49
123            <meta-data
123-->[androidx.profileinstaller:profileinstaller:1.4.0] AndroidManifest.xml:29:13-31:52
124                android:name="androidx.profileinstaller.ProfileInstallerInitializer"
124-->[androidx.profileinstaller:profileinstaller:1.4.0] AndroidManifest.xml:30:17-85
125                android:value="androidx.startup" />
125-->[androidx.profileinstaller:profileinstaller:1.4.0] AndroidManifest.xml:31:17-49
126        </provider>
127
128        <uses-library
128-->[androidx.window:window:1.5.0] AndroidManifest.xml:23:9-25:40
129            android:name="androidx.window.extensions"
129-->[androidx.window:window:1.5.0] AndroidManifest.xml:24:13-54
130            android:required="false" />
130-->[androidx.window:window:1.5.0] AndroidManifest.xml:25:13-37
131        <uses-library
131-->[androidx.window:window:1.5.0] AndroidManifest.xml:26:9-28:40
132            android:name="androidx.window.sidecar"
132-->[androidx.window:window:1.5.0] AndroidManifest.xml:27:13-51
133            android:required="false" />
133-->[androidx.window:window:1.5.0] AndroidManifest.xml:28:13-37
134        <uses-library
134-->[androidx.privacysandbox.ads:ads-adservices:1.1.0-beta11] AndroidManifest.xml:23:9-25:40
135            android:name="android.ext.adservices"
135-->[androidx.privacysandbox.ads:ads-adservices:1.1.0-beta11] AndroidManifest.xml:24:13-50
136            android:required="false" />
136-->[androidx.privacysandbox.ads:ads-adservices:1.1.0-beta11] AndroidManifest.xml:25:13-37
137
138        <meta-data
138-->[com.google.android.gms:play-services-basement:18.9.0] AndroidManifest.xml:21:9-23:69
139            android:name="com.google.android.gms.version"
139-->[com.google.android.gms:play-services-basement:18.9.0] AndroidManifest.xml:22:13-58
140            android:value="@integer/google_play_services_version" />
140-->[com.google.android.gms:play-services-basement:18.9.0] AndroidManifest.xml:23:13-66
141
142        <activity
142-->[androidx.compose.ui:ui-test-manifest:1.11.2] AndroidManifest.xml:23:9-26:79
143            android:name="androidx.activity.ComponentActivity"
143-->[androidx.compose.ui:ui-test-manifest:1.11.2] AndroidManifest.xml:24:13-63
144            android:exported="true"
144-->[androidx.compose.ui:ui-test-manifest:1.11.2] AndroidManifest.xml:25:13-36
145            android:theme="@android:style/Theme.Material.Light.NoActionBar" />
145-->[androidx.compose.ui:ui-test-manifest:1.11.2] AndroidManifest.xml:26:13-76
146        <activity
146-->[androidx.compose.ui:ui-tooling-android:1.11.2] AndroidManifest.xml:23:9-25:39
147            android:name="androidx.compose.ui.tooling.PreviewActivity"
147-->[androidx.compose.ui:ui-tooling-android:1.11.2] AndroidManifest.xml:24:13-71
148            android:exported="true" />
148-->[androidx.compose.ui:ui-tooling-android:1.11.2] AndroidManifest.xml:25:13-36
149
150        <receiver
150-->[androidx.profileinstaller:profileinstaller:1.4.0] AndroidManifest.xml:34:9-52:20
151            android:name="androidx.profileinstaller.ProfileInstallReceiver"
151-->[androidx.profileinstaller:profileinstaller:1.4.0] AndroidManifest.xml:35:13-76
152            android:directBootAware="false"
152-->[androidx.profileinstaller:profileinstaller:1.4.0] AndroidManifest.xml:36:13-44
153            android:enabled="true"
153-->[androidx.profileinstaller:profileinstaller:1.4.0] AndroidManifest.xml:37:13-35
154            android:exported="true"
154-->[androidx.profileinstaller:profileinstaller:1.4.0] AndroidManifest.xml:38:13-36
155            android:permission="android.permission.DUMP" >
155-->[androidx.profileinstaller:profileinstaller:1.4.0] AndroidManifest.xml:39:13-57
156            <intent-filter>
156-->[androidx.profileinstaller:profileinstaller:1.4.0] AndroidManifest.xml:40:13-42:29
157                <action android:name="androidx.profileinstaller.action.INSTALL_PROFILE" />
157-->[androidx.profileinstaller:profileinstaller:1.4.0] AndroidManifest.xml:41:17-91
157-->[androidx.profileinstaller:profileinstaller:1.4.0] AndroidManifest.xml:41:25-88
158            </intent-filter>
159            <intent-filter>
159-->[androidx.profileinstaller:profileinstaller:1.4.0] AndroidManifest.xml:43:13-45:29
160                <action android:name="androidx.profileinstaller.action.SKIP_FILE" />
160-->[androidx.profileinstaller:profileinstaller:1.4.0] AndroidManifest.xml:44:17-85
160-->[androidx.profileinstaller:profileinstaller:1.4.0] AndroidManifest.xml:44:25-82
161            </intent-filter>
162            <intent-filter>
162-->[androidx.profileinstaller:profileinstaller:1.4.0] AndroidManifest.xml:46:13-48:29
163                <action android:name="androidx.profileinstaller.action.SAVE_PROFILE" />
163-->[androidx.profileinstaller:profileinstaller:1.4.0] AndroidManifest.xml:47:17-88
163-->[androidx.profileinstaller:profileinstaller:1.4.0] AndroidManifest.xml:47:25-85
164            </intent-filter>
165            <intent-filter>
165-->[androidx.profileinstaller:profileinstaller:1.4.0] AndroidManifest.xml:49:13-51:29
166                <action android:name="androidx.profileinstaller.action.BENCHMARK_OPERATION" />
166-->[androidx.profileinstaller:profileinstaller:1.4.0] AndroidManifest.xml:50:17-95
166-->[androidx.profileinstaller:profileinstaller:1.4.0] AndroidManifest.xml:50:25-92
167            </intent-filter>
168        </receiver>
169    </application>
170
171</manifest>